<?xml version="1.0" encoding="UTF-8"?>
<testsuite name="ru.stqa.pft.addressbook.tests.RenameGalleryTest" tests="1" skipped="0" failures="0" errors="0" timestamp="2020-05-01T17:10:00" hostname="v-starchous-pc" time="3.261">
  <properties/>
  <testcase name="test" classname="ru.stqa.pft.addressbook.tests.RenameGalleryTest" time="3.261"/>
  <system-out><![CDATA[20:09:53.932 [Test worker] INFO  r.s.pft.addressbook.tests.TestBase - Start test test with parameters []
20:10:04.058 [Test worker] INFO  r.s.pft.addressbook.tests.TestBase - Stop test test
]]></system-out>
  <system-err><![CDATA[]]></system-err>
</testsuite>
